Build started 10/29/2014 11:06:55 PM.
     1>Project "C:\Users\Aaron\documents\visual studio 2012\Projects\ScriptR\ScriptR\ScriptR.vcxproj" on node 2 (Build target(s)).
     1>ClCompile:
         C:\Program Files (x86)\Microsoft Visual Studio 11.0\VC\bin\CL.exe /c /AI"C:\Program Files (x86)\Reference Assemblies\Microsoft\Framework\.NETFramework\v4.0" /AI"C:\Program Files (x86)\Windows Kits\8.0\References\CommonConfiguration\Neutral" /Zi /clr /nologo /W3 /WX- /O2 /Oi /Oy- /GL /D WIN32 /D NDEBUG /D _WINDOWS /D _USRDLL /D SCRIPTR_EXPORTS /D _WINDLL /Gm- /EHa /MD /GS /Gy /fp:precise /Zc:wchar_t /Zc:forScope /Fo"Release\\" /Fd"Release\vc110.pdb" /Gd /TP /FU"C:\Program Files (x86)\Reference Assemblies\Microsoft\Framework\.NETFramework\v4.0\mscorlib.dll" /FU"C:\Program Files (x86)\Reference Assemblies\Microsoft\Framework\.NETFramework\v4.0\System.Data.dll" /FU"C:\Program Files (x86)\Reference Assemblies\Microsoft\Framework\.NETFramework\v4.0\System.dll" /FU"C:\Program Files (x86)\Reference Assemblies\Microsoft\Framework\.NETFramework\v4.0\System.Drawing.dll" /FU"C:\Program Files (x86)\Reference Assemblies\Microsoft\Framework\.NETFramework\v4.0\System.Windows.Forms.dll" /FU"C:\Program Files (x86)\Reference Assemblies\Microsoft\Framework\.NETFramework\v4.0\System.Xml.dll" /analyze- /errorReport:prompt /clr:nostdlib Form1.cpp
         Form1.cpp
     1>c:\users\aaron\documents\visual studio 2012\projects\scriptr\scriptr\Form1.h(168): warning C4996: 'sscanf': This function or variable may be unsafe. Consider using sscanf_s instead. To disable deprecation, use _CRT_SECURE_NO_WARNINGS. See online help for details.
                 C:\Program Files (x86)\Microsoft Visual Studio 11.0\VC\include\stdio.h(311) : see declaration of 'sscanf'
     1>c:\users\aaron\documents\visual studio 2012\projects\scriptr\scriptr\pointers.h(34): warning C4996: 'sprintf': This function or variable may be unsafe. Consider using sprintf_s instead. To disable deprecation, use _CRT_SECURE_NO_WARNINGS. See online help for details.
                 C:\Program Files (x86)\Microsoft Visual Studio 11.0\VC\include\stdio.h(357) : see declaration of 'sprintf'
     1>c:\users\aaron\documents\visual studio 2012\projects\scriptr\scriptr\pointers.h(35): warning C4996: 'sprintf': This function or variable may be unsafe. Consider using sprintf_s instead. To disable deprecation, use _CRT_SECURE_NO_WARNINGS. See online help for details.
                 C:\Program Files (x86)\Microsoft Visual Studio 11.0\VC\include\stdio.h(357) : see declaration of 'sprintf'
     1>c:\users\aaron\documents\visual studio 2012\projects\scriptr\scriptr\pointers.h(44): warning C4996: 'strcat': This function or variable may be unsafe. Consider using strcat_s instead. To disable deprecation, use _CRT_SECURE_NO_WARNINGS. See online help for details.
                 C:\Program Files (x86)\Microsoft Visual Studio 11.0\VC\include\string.h(115) : see declaration of 'strcat'
     1>c:\users\aaron\documents\visual studio 2012\projects\scriptr\scriptr\pointers.h(49): warning C4996: 'strcat': This function or variable may be unsafe. Consider using strcat_s instead. To disable deprecation, use _CRT_SECURE_NO_WARNINGS. See online help for details.
                 C:\Program Files (x86)\Microsoft Visual Studio 11.0\VC\include\string.h(115) : see declaration of 'strcat'
     1>c:\users\aaron\documents\visual studio 2012\projects\scriptr\scriptr\kami.h(266): warning C4561: '__fastcall' incompatible with the '/clr' option: converting to '__stdcall'
     1>c:\users\aaron\documents\visual studio 2012\projects\scriptr\scriptr\kami.h(401): warning C4101: 'e' : unreferenced local variable
     1>Form1.cpp(39): warning C4996: 'sscanf': This function or variable may be unsafe. Consider using sscanf_s instead. To disable deprecation, use _CRT_SECURE_NO_WARNINGS. See online help for details.
                 C:\Program Files (x86)\Microsoft Visual Studio 11.0\VC\include\stdio.h(311) : see declaration of 'sscanf'
     1>Form1.cpp(40): warning C4996: 'sscanf': This function or variable may be unsafe. Consider using sscanf_s instead. To disable deprecation, use _CRT_SECURE_NO_WARNINGS. See online help for details.
                 C:\Program Files (x86)\Microsoft Visual Studio 11.0\VC\include\stdio.h(311) : see declaration of 'sscanf'
     1>Form1.cpp(54): warning C4996: 'sscanf': This function or variable may be unsafe. Consider using sscanf_s instead. To disable deprecation, use _CRT_SECURE_NO_WARNINGS. See online help for details.
                 C:\Program Files (x86)\Microsoft Visual Studio 11.0\VC\include\stdio.h(311) : see declaration of 'sscanf'
     1>Form1.cpp(57): warning C4018: '<=' : signed/unsigned mismatch
     1>Form1.cpp(63): warning C4996: 'sscanf': This function or variable may be unsafe. Consider using sscanf_s instead. To disable deprecation, use _CRT_SECURE_NO_WARNINGS. See online help for details.
                 C:\Program Files (x86)\Microsoft Visual Studio 11.0\VC\include\stdio.h(311) : see declaration of 'sscanf'
     1>Form1.cpp(66): warning C4018: '<=' : signed/unsigned mismatch
     1>Form1.cpp(76): warning C4018: '<' : signed/unsigned mismatch
     1>Form1.cpp(87): warning C4018: '>' : signed/unsigned mismatch
     1>Form1.cpp(127): warning C4018: '<' : signed/unsigned mismatch
     1>Form1.cpp(153): warning C4996: 'sscanf': This function or variable may be unsafe. Consider using sscanf_s instead. To disable deprecation, use _CRT_SECURE_NO_WARNINGS. See online help for details.
                 C:\Program Files (x86)\Microsoft Visual Studio 11.0\VC\include\stdio.h(311) : see declaration of 'sscanf'
     1>c:\users\aaron\documents\visual studio 2012\projects\scriptr\scriptr\keys.h(55): warning C4793: 'PM' : function compiled as native :
         	The function is marked as 'naked'
     1>c:\users\aaron\documents\visual studio 2012\projects\scriptr\scriptr\keys.h(67): warning C4793: 'SendKey' : function compiled as native :
         	Functions with direct calls to naked functions not supported in managed code
     1>c:\users\aaron\documents\visual studio 2012\projects\scriptr\scriptr\keys.h(68): warning C4793: 'SendKey' : function compiled as native :
         	Functions with direct calls to naked functions not supported in managed code
     1>c:\users\aaron\documents\visual studio 2012\projects\scriptr\scriptr\pointers.h(85): warning C4793: 'readMultiPointer' : function compiled as native :
         	varargs not supported under /clr
     1>c:\users\aaron\documents\visual studio 2012\projects\scriptr\scriptr\pointers.h(90): warning C4793: 'readMultiPointer' : function compiled as native :
         	Found an intrinsic not supported in managed code
     1>c:\users\aaron\documents\visual studio 2012\projects\scriptr\scriptr\pointers.h(97): warning C4793: 'readMultiPointer' : function compiled as native :
         	Found an intrinsic not supported in managed code
     1>c:\users\aaron\documents\visual studio 2012\projects\scriptr\scriptr\pointers.h(100): warning C4793: 'readMultiPointer' : function compiled as native :
         	Found an intrinsic not supported in managed code
     1>c:\users\aaron\documents\visual studio 2012\projects\scriptr\scriptr\pointers.h(108): warning C4793: 'readMultiPointer' : function compiled as native :
         	Found an intrinsic not supported in managed code
     1>c:\users\aaron\documents\visual studio 2012\projects\scriptr\scriptr\kami.h(159): warning C4793: 'ReadMultiPointer' : function compiled as native :
         	varargs not supported under /clr
     1>c:\users\aaron\documents\visual studio 2012\projects\scriptr\scriptr\kami.h(164): warning C4793: 'ReadMultiPointer' : function compiled as native :
         	Found an intrinsic not supported in managed code
     1>c:\users\aaron\documents\visual studio 2012\projects\scriptr\scriptr\kami.h(171): warning C4793: 'ReadMultiPointer' : function compiled as native :
         	Found an intrinsic not supported in managed code
     1>c:\users\aaron\documents\visual studio 2012\projects\scriptr\scriptr\kami.h(174): warning C4793: 'ReadMultiPointer' : function compiled as native :
         	Found an intrinsic not supported in managed code
     1>c:\users\aaron\documents\visual studio 2012\projects\scriptr\scriptr\kami.h(182): warning C4793: 'ReadMultiPointer' : function compiled as native :
         	Found an intrinsic not supported in managed code
     1>c:\users\aaron\documents\visual studio 2012\projects\scriptr\scriptr\form1.cpp(129): warning C4793: 'runScript' : function compiled as native :
         	Functions with direct calls to naked functions not supported in managed code
     1>c:\users\aaron\documents\visual studio 2012\projects\scriptr\scriptr\keys.h(67): warning C4793: 'SendKey' : function compiled as native :
         	Functions with direct calls to naked functions not supported in managed code
     1>c:\users\aaron\documents\visual studio 2012\projects\scriptr\scriptr\keys.h(68): warning C4793: 'SendKey' : function compiled as native :
         	Functions with direct calls to naked functions not supported in managed code
     1>c:\users\aaron\documents\visual studio 2012\projects\scriptr\scriptr\keys.h(67): warning C4793: 'SendKey' : function compiled as native :
         	Functions with direct calls to naked functions not supported in managed code
     1>c:\users\aaron\documents\visual studio 2012\projects\scriptr\scriptr\keys.h(68): warning C4793: 'SendKey' : function compiled as native :
         	Functions with direct calls to naked functions not supported in managed code
     1>c:\users\aaron\documents\visual studio 2012\projects\scriptr\scriptr\keys.h(67): warning C4793: 'SendKey' : function compiled as native :
         	Functions with direct calls to naked functions not supported in managed code
     1>c:\users\aaron\documents\visual studio 2012\projects\scriptr\scriptr\keys.h(68): warning C4793: 'SendKey' : function compiled as native :
         	Functions with direct calls to naked functions not supported in managed code
     1>c:\users\aaron\documents\visual studio 2012\projects\scriptr\scriptr\keys.h(67): warning C4793: 'SendKey' : function compiled as native :
         	Functions with direct calls to naked functions not supported in managed code
     1>c:\users\aaron\documents\visual studio 2012\projects\scriptr\scriptr\keys.h(68): warning C4793: 'SendKey' : function compiled as native :
         	Functions with direct calls to naked functions not supported in managed code
     1>c:\users\aaron\documents\visual studio 2012\projects\scriptr\scriptr\keys.h(67): warning C4793: 'SendKey' : function compiled as native :
         	Functions with direct calls to naked functions not supported in managed code
     1>c:\users\aaron\documents\visual studio 2012\projects\scriptr\scriptr\keys.h(68): warning C4793: 'SendKey' : function compiled as native :
         	Functions with direct calls to naked functions not supported in managed code
     1>c:\users\aaron\documents\visual studio 2012\projects\scriptr\scriptr\keys.h(67): warning C4793: 'SendKey' : function compiled as native :
         	Functions with direct calls to naked functions not supported in managed code
     1>c:\users\aaron\documents\visual studio 2012\projects\scriptr\scriptr\keys.h(68): warning C4793: 'SendKey' : function compiled as native :
         	Functions with direct calls to naked functions not supported in managed code
     1>c:\users\aaron\documents\visual studio 2012\projects\scriptr\scriptr\keys.h(67): warning C4793: 'SendKey' : function compiled as native :
         	Functions with direct calls to naked functions not supported in managed code
     1>c:\users\aaron\documents\visual studio 2012\projects\scriptr\scriptr\keys.h(68): warning C4793: 'SendKey' : function compiled as native :
         	Functions with direct calls to naked functions not supported in managed code
     1>c:\users\aaron\documents\visual studio 2012\projects\scriptr\scriptr\keys.h(67): warning C4793: 'SendKey' : function compiled as native :
         	Functions with direct calls to naked functions not supported in managed code
     1>c:\users\aaron\documents\visual studio 2012\projects\scriptr\scriptr\keys.h(68): warning C4793: 'SendKey' : function compiled as native :
         	Functions with direct calls to naked functions not supported in managed code
     1>c:\users\aaron\documents\visual studio 2012\projects\scriptr\scriptr\keys.h(67): warning C4793: 'SendKey' : function compiled as native :
         	Functions with direct calls to naked functions not supported in managed code
     1>c:\users\aaron\documents\visual studio 2012\projects\scriptr\scriptr\keys.h(68): warning C4793: 'SendKey' : function compiled as native :
         	Functions with direct calls to naked functions not supported in managed code
     1>c:\users\aaron\documents\visual studio 2012\projects\scriptr\scriptr\keys.h(67): warning C4793: 'SendKey' : function compiled as native :
         	Functions with direct calls to naked functions not supported in managed code
     1>c:\users\aaron\documents\visual studio 2012\projects\scriptr\scriptr\keys.h(68): warning C4793: 'SendKey' : function compiled as native :
         	Functions with direct calls to naked functions not supported in managed code
     1>c:\users\aaron\documents\visual studio 2012\projects\scriptr\scriptr\kami.h(79): warning C4793: 'VirtualWrite<int>' : function compiled as native :
         	varargs not supported under /clr
     1>c:\users\aaron\documents\visual studio 2012\projects\scriptr\scriptr\kami.h(83): warning C4793: 'VirtualWrite<int>' : function compiled as native :
         	Found an intrinsic not supported in managed code
     1>c:\users\aaron\documents\visual studio 2012\projects\scriptr\scriptr\kami.h(91): warning C4793: 'VirtualWrite<int>' : function compiled as native :
         	Found an intrinsic not supported in managed code
     1>c:\users\aaron\documents\visual studio 2012\projects\scriptr\scriptr\kami.h(96): warning C4793: 'VirtualWrite<int>' : function compiled as native :
         	Found an intrinsic not supported in managed code
     1>c:\users\aaron\documents\visual studio 2012\projects\scriptr\scriptr\kami.h(99): warning C4793: 'VirtualWrite<int>' : function compiled as native :
         	Found an intrinsic not supported in managed code
     1>c:\users\aaron\documents\visual studio 2012\projects\scriptr\scriptr\kami.h(79): warning C4793: 'VirtualWrite<float>' : function compiled as native :
         	varargs not supported under /clr
     1>c:\users\aaron\documents\visual studio 2012\projects\scriptr\scriptr\kami.h(83): warning C4793: 'VirtualWrite<float>' : function compiled as native :
         	Found an intrinsic not supported in managed code
     1>c:\users\aaron\documents\visual studio 2012\projects\scriptr\scriptr\kami.h(91): warning C4793: 'VirtualWrite<float>' : function compiled as native :
         	Found an intrinsic not supported in managed code
     1>c:\users\aaron\documents\visual studio 2012\projects\scriptr\scriptr\kami.h(96): warning C4793: 'VirtualWrite<float>' : function compiled as native :
         	Found an intrinsic not supported in managed code
     1>c:\users\aaron\documents\visual studio 2012\projects\scriptr\scriptr\kami.h(99): warning C4793: 'VirtualWrite<float>' : function compiled as native :
         	Found an intrinsic not supported in managed code
       Link:
         C:\Program Files (x86)\Microsoft Visual Studio 11.0\VC\bin\link.exe /ERRORREPORT:PROMPT /OUT:"C:\Users\Aaron\documents\visual studio 2012\Projects\ScriptR\Release\ScriptR.dll" /INCREMENTAL:NO /NOLOGO kernel32.lib user32.lib gdi32.lib winspool.lib comdlg32.lib advapi32.lib shell32.lib ole32.lib oleaut32.lib uuid.lib odbc32.lib odbccp32.lib /ASSEMBLYRESOURCE:Release\ScriptR.Form1.resources /MANIFEST /MANIFESTUAC:"level='asInvoker' uiAccess='false'" /manifest:embed /DEBUG /PDB:"C:\Users\Aaron\documents\visual studio 2012\Projects\ScriptR\Release\ScriptR.pdb" /SUBSYSTEM:WINDOWS /OPT:REF /OPT:ICF /LTCG /TLBID:1 /DYNAMICBASE /NXCOMPAT /IMPLIB:"C:\Users\Aaron\documents\visual studio 2012\Projects\ScriptR\Release\ScriptR.lib" /MACHINE:X86 /SAFESEH /DLL Release\ScriptR.res
         Release\Form1.obj
         Release\main.obj
         Generating code
         Finished generating code
         ScriptR.vcxproj -> C:\Users\Aaron\documents\visual studio 2012\Projects\ScriptR\Release\ScriptR.dll
     1>Done Building Project "C:\Users\Aaron\documents\visual studio 2012\Projects\ScriptR\ScriptR\ScriptR.vcxproj" (Build target(s)).

Build succeeded.

Time Elapsed 00:00:04.80
