C:\USERS\AARON\DOCUMENTS\VISUAL STUDIO 2012\PROJECTS\SCRIPTR\SCRIPTR\RELEASE\MAIN.OBJ
C:\USERS\AARON\DOCUMENTS\VISUAL STUDIO 2012\PROJECTS\SCRIPTR\SCRIPTR\RELEASE\VC110.PDB
C:\USERS\AARON\DOCUMENTS\VISUAL STUDIO 2012\PROJECTS\SCRIPTR\SCRIPTR\RELEASE\FORM1.OBJ
C:\USERS\AARON\DOCUMENTS\VISUAL STUDIO 2012\PROJECTS\SCRIPTR\RELEASE\SCRIPTR.DLL
C:\USERS\AARON\DOCUMENTS\VISUAL STUDIO 2012\PROJECTS\SCRIPTR\RELEASE\SCRIPTR.PDB
C:\USERS\AARON\DOCUMENTS\VISUAL STUDIO 2012\PROJECTS\SCRIPTR\SCRIPTR\RELEASE\SCRIPTR.RES
C:\Users\Aaron\documents\visual studio 2012\Projects\ScriptR\ScriptR\Release\ScriptR.Form1.resources
C:\Users\Aaron\documents\visual studio 2012\Projects\ScriptR\ScriptR\Release\ScriptR.vcxproj.GenerateResource.Cache
C:\Users\Aaron\documents\visual studio 2012\Projects\ScriptR\ScriptR\Release\ScriptR.vcxprojResolveAssemblyReference.cache
C:\Users\Aaron\documents\visual studio 2012\Projects\ScriptR\ScriptR\Release\Form1.obj
C:\Users\Aaron\documents\visual studio 2012\Projects\ScriptR\ScriptR\Release\main.obj
C:\Users\Aaron\documents\visual studio 2012\Projects\ScriptR\ScriptR\Release\cl.command.1.tlog
C:\Users\Aaron\documents\visual studio 2012\Projects\ScriptR\ScriptR\Release\CL.read.1.tlog
C:\Users\Aaron\documents\visual studio 2012\Projects\ScriptR\ScriptR\Release\CL.write.1.tlog
C:\Users\Aaron\documents\visual studio 2012\Projects\ScriptR\ScriptR\Release\link-cvtres.read.1.tlog
C:\Users\Aaron\documents\visual studio 2012\Projects\ScriptR\ScriptR\Release\link-cvtres.write.1.tlog
C:\Users\Aaron\documents\visual studio 2012\Projects\ScriptR\ScriptR\Release\link-rc.read.1.tlog
C:\Users\Aaron\documents\visual studio 2012\Projects\ScriptR\ScriptR\Release\link-rc.write.1.tlog
C:\Users\Aaron\documents\visual studio 2012\Projects\ScriptR\ScriptR\Release\link.command.1.tlog
C:\Users\Aaron\documents\visual studio 2012\Projects\ScriptR\ScriptR\Release\link.read.1.tlog
C:\Users\Aaron\documents\visual studio 2012\Projects\ScriptR\ScriptR\Release\link.write.1.tlog
C:\Users\Aaron\documents\visual studio 2012\Projects\ScriptR\ScriptR\Release\rc.command.1.tlog
C:\Users\Aaron\documents\visual studio 2012\Projects\ScriptR\ScriptR\Release\rc.read.1.tlog
C:\Users\Aaron\documents\visual studio 2012\Projects\ScriptR\ScriptR\Release\rc.write.1.tlog
C:\Users\Aaron\documents\visual studio 2012\Projects\ScriptR\ScriptR\Release\ScriptR.write.1.tlog
C:\Users\Aaron\documents\visual studio 2012\Projects\ScriptR\ScriptR\Release\ScriptR.res
C:\Users\Aaron\documents\visual studio 2012\Projects\ScriptR\ScriptR\Release\vc110.pdb
C:\Users\Aaron\documents\visual studio 2012\Projects\ScriptR\Release\ScriptR.pdb
C:\Users\Aaron\documents\visual studio 2012\Projects\ScriptR\Release\ScriptR.dll
